<?xml version="1.0" encoding="UTF-8"?>
<!-- Generated by org.testng.reporters.JUnitReportReporter -->
<testsuite hostname="LAPTOP-UC8VD6T3" failures="0" tests="1" name="tests.GoogleSearchTest" time="9.870" errors="0" timestamp="2024-07-04T22:03:09 IST" skipped="0">
  <testcase classname="tests.GoogleSearchTest" name="googleSearch" time="9.870"/>
  <system-out/>
</testsuite> <!-- tests.GoogleSearchTest -->
